<?xml version="1.0" encoding="UTF-8"?>
<!-- Generated by org.testng.reporters.JUnitReportReporter -->
<testsuite hostname="SQA20195" failures="0" tests="1" name="PageObjects.LoginPage" time="12.956" errors="0" timestamp="2020-02-27T16:27:13 GMT" skipped="0">
  <testcase classname="PageObjects.LoginPage" name="Exceptional_Entries" time="12.956"/>
  <system-out>
-------------------- <p> File message: A record has been detected in the entries table.<p> -------------------- <p> SCN present in Entries table: 123456746<p> -------------------- <p> SCN present in Entries table: 123456745<p> -------------------- <p> SCN present in Entries table: 123456745<p> -------------------- <p> SCN present in Entries table: 123456745<p> -------------------- <p> SCN present in Entries table: 123456743<p> -------------------- <p> SCN not present in Entries table: 123456747<p> -------------------- <p> SCN not present in Entries table: 123456748<p> -------------------- <p> SCN not present in Entries table: 123456749<p>  </system-out>
</testsuite> <!-- PageObjects.LoginPage -->
