<?xml version="1.0" encoding="UTF-8"?>
<!-- Generated by org.testng.reporters.JUnitReportReporter -->
<testsuite hostname="SQA20195" failures="0" tests="1" name="PageObjects.Compare" time="1.343" errors="0" timestamp="2020-02-27T16:17:33 GMT" skipped="0">
  <testcase classname="PageObjects.Compare" name="readCSV" time="1.343"/>
  <system-out>
-------------------- <p> SCN not present in Entries table: 123456746<p> -------------------- <p> SCN present in Entries table: 123456745<p> -------------------- <p> SCN present in Entries table: 123456745<p> -------------------- <p> SCN present in Entries table: 123456745<p> -------------------- <p> SCN present in Entries table: 123456743<p> -------------------- <p> SCN not present in Entries table: 123456747<p> -------------------- <p> SCN not present in Entries table: 123456748<p> -------------------- <p> SCN not present in Entries table: 123456749<p>  </system-out>
</testsuite> <!-- PageObjects.Compare -->
