<?xml version="1.0" encoding="UTF-8"?>
<!-- Generated by org.testng.reporters.JUnitReportReporter -->
<testsuite hostname="SQA20195" failures="0" tests="1" name="PageObjects.CAFAdmin" time="28.798" errors="0" timestamp="2020-10-23T15:27:10 BST" skipped="0">
  <testcase classname="PageObjects.CAFAdmin" name="Main_Class" time="28.798"/>
  <system-out>
*****************Exceptional Entries **************************<p> EE File message: File has been processed successfully.<p> ***************************************************************<p> _____________________________________________________________________ <p> EE SCN present in Entries table: 123456843<p> _____________________________________________________________________ <p> ***Certificate Date and entry status Updates*******************<p> CDES File message: The process has been aborted. No record at entry status 4 was found in entries for SCN 123456782, Product Code/Level G91F/62.<p> ***************************************************************<p> _____________________________________________________________________ <p> CDES SCN present in table: 123456782<p> CDES SCN present in table: 123456783<p> _____________________________________________________________________ <p> ******************** CLC Invoice Exemptions********************<p> CLC File message: The process has failed. SCN 23 is invalid.<p> ***************************************************************<p> _____________________________________________________________________ <p> CLC SCN *NOT* present in Entries table: 23<p> _____________________________________________________________________ <p>  </system-out>
</testsuite> <!-- PageObjects.CAFAdmin -->
