<?xml version="1.0" encoding="UTF-8"?>
<!-- Generated by org.testng.reporters.JUnitReportReporter -->
<testsuite hostname="SQA10343" failures="0" tests="1" name="PageObjects.NewTest" time="0.010" errors="0" timestamp="2020-02-14T14:20:41 GMT" skipped="0">
  <testcase classname="PageObjects.NewTest" name="UsrPwd" time="0.010"/>
</testsuite> <!-- PageObjects.NewTest -->
