<?xml version="1.0" encoding="UTF-8"?>
<!-- Generated by org.testng.reporters.JUnitReportReporter -->
<testsuite hostname="SQA20195" failures="0" tests="1" name="RunnerFile.RunnerClass" time="16.781" errors="0" timestamp="2020-03-02T15:51:13 GMT" skipped="0">
  <testcase classname="RunnerFile.RunnerClass" name="feature" time="16.781"/>
</testsuite> <!-- RunnerFile.RunnerClass -->
